Removed Pin From Net: NetName=VCC Pin=J1-1
Removed Pin From Net: NetName=TRIG Pin=J1-2
Removed Pin From Net: NetName=ECHO Pin=J1-3
Removed Pin From Net: NetName=NetDP1_2 Pin=J1-4
Removed Pin From Net: NetName=VCC Pin=J1-5
Removed Pin From Net: NetName=TRIG Pin=J1-6
Removed Pin From Net: NetName=ECHO Pin=J1-7
Removed Pin From Net: NetName=NetDP1_2 Pin=J1-8
Removed Member From Class: ClassName=Ultarsonic_Bourd Member=J1
Change Component Designator: OldDesignator=78L05 NewDesignator=U1
Added Component: Designator=P1(HDR2X4)
Add component (AddParameter): Name = "LatestRevisionDate"; Value = "17-Jul-2002"; VariantName = "[No Variations]"
Add component (AddParameter): Name = "LatestRevisionNote"; Value = "Re-released for DXP Platform."; VariantName = "[No Variations]"
Add component (AddParameter): Name = "Publisher"; Value = "Altium Limited"; VariantName = "[No Variations]"
Added Pin To Net: NetName=VCC Pin=P1-1
Added Pin To Net: NetName=VCC Pin=P1-2
Added Pin To Net: NetName=TRIG Pin=P1-3
Added Pin To Net: NetName=TRIG Pin=P1-4
Added Pin To Net: NetName=ECHO Pin=P1-5
Added Pin To Net: NetName=ECHO Pin=P1-6
Added Pin To Net: NetName=NetDP1_2 Pin=P1-7
Added Pin To Net: NetName=NetDP1_2 Pin=P1-8
Added Member To Class: ClassName=Ultarsonic_Bourd Member=Component P1 Header 4X2
Added Room: Name=Ultarsonic_Bourd
