Removed Pin From Net: NetName=Vm Pin=Main_POWER-1
Removed Pin From Net: NetName=G Pin=Main_POWER-2
Removed Pin From Net: NetName=TRIG Pin=P1-3
Removed Pin From Net: NetName=TRIG Pin=P1-4
Removed Pin From Net: NetName=ECHO Pin=P1-5
Removed Pin From Net: NetName=ECHO Pin=P1-6
Removed Pin From Net: NetName=NetD1_K Pin=POWER1-1
Removed Pin From Net: NetName=NetD1_K Pin=POWER1-2
Removed Pin From Net: NetName=NetD1_K Pin=POWER1-3
Removed Pin From Net: NetName=NetD1_K Pin=POWER1-4
Removed Pin From Net: NetName=Vm Pin=POWER1-5
Removed Pin From Net: NetName=Vm Pin=POWER1-6
Removed Pin From Net: NetName=Vm Pin=POWER1-7
Removed Pin From Net: NetName=Vm Pin=POWER1-8
Removed Member From Class: ClassName=SRF05_Sensor Member=P1
Removed Member From Class: ClassName=Mainbord___Schematic Member=POWER1
Change Component Designator: OldDesignator=POWER3_Motor Power_1 NewDesignator=POWER3_Motor Power_FL
Change Component Designator: OldDesignator=POWER3_Motor Power_2 NewDesignator=POWER3_Motor Power_FR
Added Component: Designator=C?(Cap electrolitic radial 10x16-5)
Add component (AddParameter): Name = "Capacitance"; Value = "1mF"; VariantName = "[No Variations]"
Add component (AddParameter): Name = "Case/Package"; Value = "Radial"; VariantName = "[No Variations]"
Add component (AddParameter): Name = "Category"; Value = "Aluminum Electrolytic Capacitors"; VariantName = "[No Variations]"
Add component (AddParameter): Name = "ComponentLink1Description"; Value = "https://datasheet.ciiva.com/7851/e-vr-7851718.pdf?src-supplier=Element14"; VariantName = "[No Variations]"
Add component (AddParameter): Name = "ComponentLink1URL"; Value = "https://datasheet.ciiva.com/7851/e-vr-7851718.pdf?src-supplier=Element14"; VariantName = "[No Variations]"
Add component (AddParameter): Name = "ComponentLink2Description"; Value = "https://datasheet.ciiva.com/6300/e-vr-6300009.pdf?src-supplier=Digi-Key"; VariantName = "[No Variations]"
Add component (AddParameter): Name = "ComponentLink2URL"; Value = "https://datasheet.ciiva.com/6300/e-vr-6300009.pdf?src-supplier=Digi-Key"; VariantName = "[No Variations]"
Add component (AddParameter): Name = "ComponentLink3Description"; Value = "https://datasheet.ciiva.com/6300/e-vr-6300010.pdf?src-supplier=Digi-Key"; VariantName = "[No Variations]"
Add component (AddParameter): Name = "ComponentLink3URL"; Value = "https://datasheet.ciiva.com/6300/e-vr-6300010.pdf?src-supplier=Digi-Key"; VariantName = "[No Variations]"
Add component (AddParameter): Name = "ComponentLink4Description"; Value = "https://datasheet.ciiva.com/11684/e-vr-11684106.pdf?src-supplier=Avnet"; VariantName = "[No Variations]"
Add component (AddParameter): Name = "ComponentLink4URL"; Value = "https://datasheet.ciiva.com/11684/e-vr-11684106.pdf?src-supplier=Avnet"; VariantName = "[No Variations]"
Add component (AddParameter): Name = "ComponentLink5Description"; Value = "https://datasheet.ciiva.com/16502/e-vr-16502813.pdf?src-supplier=Future+Electronics"; VariantName = "[No Variations]"
Add component (AddParameter): Name = "ComponentLink5URL"; Value = "https://datasheet.ciiva.com/16502/e-vr-16502813.pdf?src-supplier=Future+Electronics"; VariantName = "[No Variations]"
Add component (AddParameter): Name = "ComponentLink6Description"; Value = "https://datasheet.ciiva.com/46381/1909356-46381757.pdf?src-supplier=Element14"; VariantName = "[No Variations]"
Add component (AddParameter): Name = "ComponentLink6URL"; Value = "https://datasheet.ciiva.com/46381/1909356-46381757.pdf?src-supplier=Element14"; VariantName = "[No Variations]"
Add component (AddParameter): Name = "Diameter"; Value = "10mm"; VariantName = "[No Variations]"
Add component (AddParameter): Name = "Dielectric Material"; Value = "Aluminium"; VariantName = "[No Variations]"
Add component (AddParameter): Name = "Dissipation Factor"; Value = "0.16%"; VariantName = "[No Variations]"
Add component (AddParameter): Name = "Height"; Value = "20mm"; VariantName = "[No Variations]"
Add component (AddParameter): Name = "Height - Seated (Max)"; Value = "0.866inch"; VariantName = "[No Variations]"
Add component (AddParameter): Name = "Lead Diameter"; Value = "0.6mm"; VariantName = "[No Variations]"
Add component (AddParameter): Name = "Lead Free"; Value = "Lead Free"; VariantName = "[No Variations]"
Add component (AddParameter): Name = "Lead Pitch"; Value = "5mm"; VariantName = "[No Variations]"
Add component (AddParameter): Name = "Leakage Current"; Value = "750uA"; VariantName = "[No Variations]"
Add component (AddParameter): Name = "Length"; Value = "20mm"; VariantName = "[No Variations]"
Add component (AddParameter): Name = "Life (Hours)"; Value = "2000Hour"; VariantName = "[No Variations]"
Add component (AddParameter): Name = "Manufacturer"; Value = "Nichicon"; VariantName = "[No Variations]"
Add component (AddParameter): Name = "Manufacturer Part Number"; Value = "UVR1E102MPD1TD"; VariantName = "[No Variations]"
Add component (AddParameter): Name = "Max Operating Temperature"; Value = "85°C"; VariantName = "[No Variations]"
Add component (AddParameter): Name = "Min Operating Temperature"; Value = "-40°C"; VariantName = "[No Variations]"
Add component (AddParameter): Name = "Mount"; Value = "Through Hole,PCB"; VariantName = "[No Variations]"
Add component (AddParameter): Name = "Number of Pins"; Value = "2"; VariantName = "[No Variations]"
Add component (AddParameter): Name = "Package Quantity"; Value = "500"; VariantName = "[No Variations]"
Add component (AddParameter): Name = "Packaging"; Value = "Tape and Reel"; VariantName = "[No Variations]"
Add component (AddParameter): Name = "Pricing 1"; Value = "1=0.58000, 10=0.40800, 100=0.26890 (USD)"; VariantName = "[No Variations]"
Add component (AddParameter): Name = "Radiation Hardening"; Value = "No"; VariantName = "[No Variations]"
Add component (AddParameter): Name = "REACH SVHC"; Value = "No SVHC"; VariantName = "[No Variations]"
Add component (AddParameter): Name = "Ripple Current"; Value = "960mA"; VariantName = "[No Variations]"
Add component (AddParameter): Name = "RoHS"; Value = "Yes"; VariantName = "[No Variations]"
Add component (AddParameter): Name = "Stock 1"; Value = "43448"; VariantName = "[No Variations]"
Add component (AddParameter): Name = "Supplier 1"; Value = "Digi-Key"; VariantName = "[No Variations]"
Add component (AddParameter): Name = "Supplier Part Number 1"; Value = "493-5913-1-ND"; VariantName = "[No Variations]"
Add component (AddParameter): Name = "Termination"; Value = "Radial"; VariantName = "[No Variations]"
Add component (AddParameter): Name = "Tolerance"; Value = "20%"; VariantName = "[No Variations]"
Add component (AddParameter): Name = "Voltage"; Value = "25V"; VariantName = "[No Variations]"
Add component (AddParameter): Name = "Voltage Rating"; Value = "25V"; VariantName = "[No Variations]"
Add component (AddParameter): Name = "Voltage Rating (DC)"; Value = "25V"; VariantName = "[No Variations]"
Added Component: Designator=C?(0805)
Add component (AddParameter): Name = "Package"; Value = "0805"; VariantName = "[No Variations]"
Add component (AddParameter): Name = "Rating"; Value = "50V"; VariantName = "[No Variations]"
Add component (AddParameter): Name = "Tolerance"; Value = "10%"; VariantName = "[No Variations]"
Add component (AddParameter): Name = "Value"; Value = "470nF"; VariantName = "[No Variations]"
Added Component: Designator=D / P?(HDR1X2)
Add component (AddParameter): Name = "LatestRevisionDate"; Value = "17-Jul-2002"; VariantName = "[No Variations]"
Add component (AddParameter): Name = "LatestRevisionNote"; Value = "Re-released for DXP Platform."; VariantName = "[No Variations]"
Add component (AddParameter): Name = "Publisher"; Value = "Altium Limited"; VariantName = "[No Variations]"
Added Component: Designator=D?(DO-214AC)
Add component (AddParameter): Name = "ComponentLink1Description"; Value = "Manufacturer Link"; VariantName = "[No Variations]"
Add component (AddParameter): Name = "ComponentLink1URL"; Value = "http://www.irf.com/"; VariantName = "[No Variations]"
Added Component: Designator=D?(DIODE-SMC)
Add component (AddParameter): Name = "Supplier 1"; Value = "Digi-Key"; VariantName = "[No Variations]"
Add component (AddParameter): Name = "Supplier Part Number 1"; Value = "SMCJ120CABTR-ND"; VariantName = "[No Variations]"
Added Component: Designator=DATA_IN?(HR911105A)
Add component (AddParameter): Name = "3D Model"; Value = "215877-1.pdf"; VariantName = "[No Variations]"
Add component (AddParameter): Name = "Category"; Value = "Connectors, Interconnects"; VariantName = "[No Variations]"
Add component (AddParameter): Name = "ComponentLink1Description"; Value = "Manufacturer URL"; VariantName = "[No Variations]"
Add component (AddParameter): Name = "ComponentLink1URL"; Value = "http://www.te.com"; VariantName = "[No Variations]"
Add component (AddParameter): Name = "ComponentLink2Description"; Value = "Datasheet"; VariantName = "[No Variations]"
Add component (AddParameter): Name = "ComponentLink2URL"; Value = "https://datasheet.ciiva.com/16310/215877-1-16310656.pdf"; VariantName = "[No Variations]"
Add component (AddParameter): Name = "Connector Type"; Value = "Jack"; VariantName = "[No Variations]"
Add component (AddParameter): Name = "Contact Finish"; Value = "Gold"; VariantName = "[No Variations]"
Add component (AddParameter): Name = "Contact Material"; Value = "Phosphor Bronze"; VariantName = "[No Variations]"
Add component (AddParameter): Name = "DatasheetVersion"; Value = "Rev. AE"; VariantName = "[No Variations]"
Add component (AddParameter): Name = "Dynamic Catalog"; Value = "Modular Jacks"; VariantName = "[No Variations]"
Add component (AddParameter): Name = "Family"; Value = "Modular Connectors - Jacks"; VariantName = "[No Variations]"
Add component (AddParameter): Name = "Features"; Value = "Board Lock"; VariantName = "[No Variations]"
Add component (AddParameter): Name = "Housing Material"; Value = "Polybutylene Terephthalate (PBT)"; VariantName = "[No Variations]"
Add component (AddParameter): Name = "LED Color"; Value = "Does Not Contain LED"; VariantName = "[No Variations]"
Add component (AddParameter): Name = "Mounting Type"; Value = "Through Hole"; VariantName = "[No Variations]"
Add component (AddParameter): Name = "Number of Ports"; Value = "1"; VariantName = "[No Variations]"
Add component (AddParameter): Name = "Number of Positions/Contacts"; Value = "8p8c (RJ45, Ethernet)"; VariantName = "[No Variations]"
Add component (AddParameter): Name = "Number of Rows"; Value = "1"; VariantName = "[No Variations]"
Add component (AddParameter): Name = "Orientation"; Value = "90° Angle (Right)"; VariantName = "[No Variations]"
Add component (AddParameter): Name = "Other Names"; Value = "A105009CT"; VariantName = "[No Variations]"
Add component (AddParameter): Name = "PackageReference"; Value = "THD"; VariantName = "[No Variations]"
Add component (AddParameter): Name = "Packaging"; Value = "Cut Tape (CT)"; VariantName = "[No Variations]"
Add component (AddParameter): Name = "Ratings"; Value = "Cat3"; VariantName = "[No Variations]"
Add component (AddParameter): Name = "RoHS Information"; Value = "215877-1 Statement of Compliance"; VariantName = "[No Variations]"
Add component (AddParameter): Name = "Shielding"; Value = "Unshielded"; VariantName = "[No Variations]"
Add component (AddParameter): Name = "Standard Package"; Value = "1"; VariantName = "[No Variations]"
Add component (AddParameter): Name = "Supplier 1"; Value = "Digi-Key"; VariantName = "[No Variations]"
Add component (AddParameter): Name = "Supplier 2"; Value = "Digi-Key"; VariantName = "[No Variations]"
Add component (AddParameter): Name = "Supplier Part Number 1"; Value = "A105009TR-ND"; VariantName = "[No Variations]"
Add component (AddParameter): Name = "Supplier Part Number 2"; Value = "A105009CT-ND"; VariantName = "[No Variations]"
Add component (AddParameter): Name = "Tab Direction"; Value = "Down"; VariantName = "[No Variations]"
Add component (AddParameter): Name = "Termination"; Value = "Solder"; VariantName = "[No Variations]"
Added Component: Designator=P1_SRF05_Sensor_BL(HDR2X4)
Add component (AddParameter): Name = "LatestRevisionDate"; Value = "17-Jul-2002"; VariantName = "[No Variations]"
Add component (AddParameter): Name = "LatestRevisionNote"; Value = "Re-released for DXP Platform."; VariantName = "[No Variations]"
Add component (AddParameter): Name = "Publisher"; Value = "Altium Limited"; VariantName = "[No Variations]"
Added Component: Designator=P1_SRF05_Sensor_BR(HDR2X4)
Add component (AddParameter): Name = "LatestRevisionDate"; Value = "17-Jul-2002"; VariantName = "[No Variations]"
Add component (AddParameter): Name = "LatestRevisionNote"; Value = "Re-released for DXP Platform."; VariantName = "[No Variations]"
Add component (AddParameter): Name = "Publisher"; Value = "Altium Limited"; VariantName = "[No Variations]"
Added Component: Designator=P1_SRF05_Sensor_FF(HDR2X4)
Add component (AddParameter): Name = "LatestRevisionDate"; Value = "17-Jul-2002"; VariantName = "[No Variations]"
Add component (AddParameter): Name = "LatestRevisionNote"; Value = "Re-released for DXP Platform."; VariantName = "[No Variations]"
Add component (AddParameter): Name = "Publisher"; Value = "Altium Limited"; VariantName = "[No Variations]"
Added Component: Designator=P1_SRF05_Sensor_FL(HDR2X4)
Add component (AddParameter): Name = "LatestRevisionDate"; Value = "17-Jul-2002"; VariantName = "[No Variations]"
Add component (AddParameter): Name = "LatestRevisionNote"; Value = "Re-released for DXP Platform."; VariantName = "[No Variations]"
Add component (AddParameter): Name = "Publisher"; Value = "Altium Limited"; VariantName = "[No Variations]"
Added Component: Designator=P1_SRF05_Sensor_FR(HDR2X4)
Add component (AddParameter): Name = "LatestRevisionDate"; Value = "17-Jul-2002"; VariantName = "[No Variations]"
Add component (AddParameter): Name = "LatestRevisionNote"; Value = "Re-released for DXP Platform."; VariantName = "[No Variations]"
Add component (AddParameter): Name = "Publisher"; Value = "Altium Limited"; VariantName = "[No Variations]"
Added Component: Designator=P1_SRF05_Sensor_L(HDR2X4)
Add component (AddParameter): Name = "LatestRevisionDate"; Value = "17-Jul-2002"; VariantName = "[No Variations]"
Add component (AddParameter): Name = "LatestRevisionNote"; Value = "Re-released for DXP Platform."; VariantName = "[No Variations]"
Add component (AddParameter): Name = "Publisher"; Value = "Altium Limited"; VariantName = "[No Variations]"
Added Component: Designator=P1_SRF05_Sensor_R(HDR2X4)
Add component (AddParameter): Name = "LatestRevisionDate"; Value = "17-Jul-2002"; VariantName = "[No Variations]"
Add component (AddParameter): Name = "LatestRevisionNote"; Value = "Re-released for DXP Platform."; VariantName = "[No Variations]"
Add component (AddParameter): Name = "Publisher"; Value = "Altium Limited"; VariantName = "[No Variations]"
Added Component: Designator=POWER3_Motor Power_BL(Rj45_DS1127__HR911105A)
Add component (AddParameter): Name = "3D Model"; Value = "215877-1.pdf"; VariantName = "[No Variations]"
Add component (AddParameter): Name = "Category"; Value = "Connectors, Interconnects"; VariantName = "[No Variations]"
Add component (AddParameter): Name = "ComponentLink1Description"; Value = "Manufacturer URL"; VariantName = "[No Variations]"
Add component (AddParameter): Name = "ComponentLink1URL"; Value = "http://www.te.com"; VariantName = "[No Variations]"
Add component (AddParameter): Name = "ComponentLink2Description"; Value = "Datasheet"; VariantName = "[No Variations]"
Add component (AddParameter): Name = "ComponentLink2URL"; Value = "https://datasheet.ciiva.com/16310/215877-1-16310656.pdf"; VariantName = "[No Variations]"
Add component (AddParameter): Name = "Connector Type"; Value = "Jack"; VariantName = "[No Variations]"
Add component (AddParameter): Name = "Contact Finish"; Value = "Gold"; VariantName = "[No Variations]"
Add component (AddParameter): Name = "Contact Material"; Value = "Phosphor Bronze"; VariantName = "[No Variations]"
Add component (AddParameter): Name = "DatasheetVersion"; Value = "Rev. AE"; VariantName = "[No Variations]"
Add component (AddParameter): Name = "Dynamic Catalog"; Value = "Modular Jacks"; VariantName = "[No Variations]"
Add component (AddParameter): Name = "Family"; Value = "Modular Connectors - Jacks"; VariantName = "[No Variations]"
Add component (AddParameter): Name = "Features"; Value = "Board Lock"; VariantName = "[No Variations]"
Add component (AddParameter): Name = "Housing Material"; Value = "Polybutylene Terephthalate (PBT)"; VariantName = "[No Variations]"
Add component (AddParameter): Name = "LED Color"; Value = "Does Not Contain LED"; VariantName = "[No Variations]"
Add component (AddParameter): Name = "Mounting Type"; Value = "Through Hole"; VariantName = "[No Variations]"
Add component (AddParameter): Name = "Number of Ports"; Value = "1"; VariantName = "[No Variations]"
Add component (AddParameter): Name = "Number of Positions/Contacts"; Value = "8p8c (RJ45, Ethernet)"; VariantName = "[No Variations]"
Add component (AddParameter): Name = "Number of Rows"; Value = "1"; VariantName = "[No Variations]"
Add component (AddParameter): Name = "Orientation"; Value = "90° Angle (Right)"; VariantName = "[No Variations]"
Add component (AddParameter): Name = "Other Names"; Value = "A105009CT"; VariantName = "[No Variations]"
Add component (AddParameter): Name = "PackageReference"; Value = "THD"; VariantName = "[No Variations]"
Add component (AddParameter): Name = "Packaging"; Value = "Cut Tape (CT)"; VariantName = "[No Variations]"
Add component (AddParameter): Name = "Ratings"; Value = "Cat3"; VariantName = "[No Variations]"
Add component (AddParameter): Name = "RoHS Information"; Value = "215877-1 Statement of Compliance"; VariantName = "[No Variations]"
Add component (AddParameter): Name = "Shielding"; Value = "Unshielded"; VariantName = "[No Variations]"
Add component (AddParameter): Name = "Standard Package"; Value = "1"; VariantName = "[No Variations]"
Add component (AddParameter): Name = "Supplier 1"; Value = "Digi-Key"; VariantName = "[No Variations]"
Add component (AddParameter): Name = "Supplier 2"; Value = "Digi-Key"; VariantName = "[No Variations]"
Add component (AddParameter): Name = "Supplier Part Number 1"; Value = "A105009TR-ND"; VariantName = "[No Variations]"
Add component (AddParameter): Name = "Supplier Part Number 2"; Value = "A105009CT-ND"; VariantName = "[No Variations]"
Add component (AddParameter): Name = "Tab Direction"; Value = "Down"; VariantName = "[No Variations]"
Add component (AddParameter): Name = "Termination"; Value = "Solder"; VariantName = "[No Variations]"
Added Component: Designator=POWER3_Motor Power_BR(Rj45_DS1127__HR911105A)
Add component (AddParameter): Name = "3D Model"; Value = "215877-1.pdf"; VariantName = "[No Variations]"
Add component (AddParameter): Name = "Category"; Value = "Connectors, Interconnects"; VariantName = "[No Variations]"
Add component (AddParameter): Name = "ComponentLink1Description"; Value = "Manufacturer URL"; VariantName = "[No Variations]"
Add component (AddParameter): Name = "ComponentLink1URL"; Value = "http://www.te.com"; VariantName = "[No Variations]"
Add component (AddParameter): Name = "ComponentLink2Description"; Value = "Datasheet"; VariantName = "[No Variations]"
Add component (AddParameter): Name = "ComponentLink2URL"; Value = "https://datasheet.ciiva.com/16310/215877-1-16310656.pdf"; VariantName = "[No Variations]"
Add component (AddParameter): Name = "Connector Type"; Value = "Jack"; VariantName = "[No Variations]"
Add component (AddParameter): Name = "Contact Finish"; Value = "Gold"; VariantName = "[No Variations]"
Add component (AddParameter): Name = "Contact Material"; Value = "Phosphor Bronze"; VariantName = "[No Variations]"
Add component (AddParameter): Name = "DatasheetVersion"; Value = "Rev. AE"; VariantName = "[No Variations]"
Add component (AddParameter): Name = "Dynamic Catalog"; Value = "Modular Jacks"; VariantName = "[No Variations]"
Add component (AddParameter): Name = "Family"; Value = "Modular Connectors - Jacks"; VariantName = "[No Variations]"
Add component (AddParameter): Name = "Features"; Value = "Board Lock"; VariantName = "[No Variations]"
Add component (AddParameter): Name = "Housing Material"; Value = "Polybutylene Terephthalate (PBT)"; VariantName = "[No Variations]"
Add component (AddParameter): Name = "LED Color"; Value = "Does Not Contain LED"; VariantName = "[No Variations]"
Add component (AddParameter): Name = "Mounting Type"; Value = "Through Hole"; VariantName = "[No Variations]"
Add component (AddParameter): Name = "Number of Ports"; Value = "1"; VariantName = "[No Variations]"
Add component (AddParameter): Name = "Number of Positions/Contacts"; Value = "8p8c (RJ45, Ethernet)"; VariantName = "[No Variations]"
Add component (AddParameter): Name = "Number of Rows"; Value = "1"; VariantName = "[No Variations]"
Add component (AddParameter): Name = "Orientation"; Value = "90° Angle (Right)"; VariantName = "[No Variations]"
Add component (AddParameter): Name = "Other Names"; Value = "A105009CT"; VariantName = "[No Variations]"
Add component (AddParameter): Name = "PackageReference"; Value = "THD"; VariantName = "[No Variations]"
Add component (AddParameter): Name = "Packaging"; Value = "Cut Tape (CT)"; VariantName = "[No Variations]"
Add component (AddParameter): Name = "Ratings"; Value = "Cat3"; VariantName = "[No Variations]"
Add component (AddParameter): Name = "RoHS Information"; Value = "215877-1 Statement of Compliance"; VariantName = "[No Variations]"
Add component (AddParameter): Name = "Shielding"; Value = "Unshielded"; VariantName = "[No Variations]"
Add component (AddParameter): Name = "Standard Package"; Value = "1"; VariantName = "[No Variations]"
Add component (AddParameter): Name = "Supplier 1"; Value = "Digi-Key"; VariantName = "[No Variations]"
Add component (AddParameter): Name = "Supplier 2"; Value = "Digi-Key"; VariantName = "[No Variations]"
Add component (AddParameter): Name = "Supplier Part Number 1"; Value = "A105009TR-ND"; VariantName = "[No Variations]"
Add component (AddParameter): Name = "Supplier Part Number 2"; Value = "A105009CT-ND"; VariantName = "[No Variations]"
Add component (AddParameter): Name = "Tab Direction"; Value = "Down"; VariantName = "[No Variations]"
Add component (AddParameter): Name = "Termination"; Value = "Solder"; VariantName = "[No Variations]"
Added Component: Designator=U?(74HC541)
Add component (AddParameter): Name = "Availability"; Value = "Unavailable"; VariantName = "[No Variations]"
Add component (AddParameter): Name = "MF"; Value = "Toshiba Semiconductor"; VariantName = "[No Variations]"
Add component (AddParameter): Name = "MP"; Value = "74HC541D"; VariantName = "[No Variations]"
Add component (AddParameter): Name = "Package"; Value = "SOIC-20 Toshiba"; VariantName = "[No Variations]"
Add component (AddParameter): Name = "Price"; Value = "None"; VariantName = "[No Variations]"
Add component (AddParameter): Name = "SnapEDA_Link"; Value = "https://www.snapeda.com/parts/74HC541D/Toshiba%20Semiconductor%20and%20Storage/view-part/2887736/?ref=snap"; VariantName = "[No Variations]"
Add component (AddParameter): Name = "Value"; Value = ""; VariantName = "[No Variations]"
Added Pin To Net: NetName=G Pin=C?-1
Added Pin To Net: NetName=Vm Pin=C?-1
Added Pin To Net: NetName=G Pin=C?-2
Added Pin To Net: NetName=Vm Pin=C?-2
Added Pin To Net: NetName=G Pin=D?-A
Added Pin To Net: NetName=G Pin=D?-A
Added Pin To Net: NetName=NetD1_K Pin=D?-K
Added Pin To Net: NetName=Vm Pin=DATA_IN?-8
Added Pin To Net: NetName=NetD1_K Pin=Main_POWER-1
Added Pin To Net: NetName=Vm Pin=Main_POWER-2
Added Pin To Net: NetName=Vm Pin=P1_SRF05_Sensor_BL-1
Added Pin To Net: NetName=Vm Pin=P1_SRF05_Sensor_BL-2
Added Pin To Net: NetName=G Pin=P1_SRF05_Sensor_BL-7
Added Pin To Net: NetName=G Pin=P1_SRF05_Sensor_BL-8
Added Pin To Net: NetName=Vm Pin=P1_SRF05_Sensor_BR-1
Added Pin To Net: NetName=Vm Pin=P1_SRF05_Sensor_BR-2
Added Pin To Net: NetName=G Pin=P1_SRF05_Sensor_BR-7
Added Pin To Net: NetName=G Pin=P1_SRF05_Sensor_BR-8
Added Pin To Net: NetName=Vm Pin=P1_SRF05_Sensor_FF-1
Added Pin To Net: NetName=Vm Pin=P1_SRF05_Sensor_FF-2
Added Pin To Net: NetName=G Pin=P1_SRF05_Sensor_FF-7
Added Pin To Net: NetName=G Pin=P1_SRF05_Sensor_FF-8
Added Pin To Net: NetName=Vm Pin=P1_SRF05_Sensor_FL-1
Added Pin To Net: NetName=Vm Pin=P1_SRF05_Sensor_FL-2
Added Pin To Net: NetName=Vcc Pin=P1_SRF05_Sensor_FL-3
Added Pin To Net: NetName=Vcc Pin=P1_SRF05_Sensor_FL-4
Added Pin To Net: NetName=G Pin=P1_SRF05_Sensor_FL-7
Added Pin To Net: NetName=G Pin=P1_SRF05_Sensor_FL-8
Added Pin To Net: NetName=Vm Pin=P1_SRF05_Sensor_FR-1
Added Pin To Net: NetName=Vm Pin=P1_SRF05_Sensor_FR-2
Added Pin To Net: NetName=TRIG Pin=P1_SRF05_Sensor_FR-3
Added Pin To Net: NetName=TRIG Pin=P1_SRF05_Sensor_FR-4
Added Pin To Net: NetName=G Pin=P1_SRF05_Sensor_FR-7
Added Pin To Net: NetName=G Pin=P1_SRF05_Sensor_FR-8
Added Pin To Net: NetName=Vm Pin=P1_SRF05_Sensor_L-1
Added Pin To Net: NetName=Vm Pin=P1_SRF05_Sensor_L-2
Added Pin To Net: NetName=G Pin=P1_SRF05_Sensor_L-3
Added Pin To Net: NetName=G Pin=P1_SRF05_Sensor_L-4
Added Pin To Net: NetName=G Pin=P1_SRF05_Sensor_L-7
Added Pin To Net: NetName=G Pin=P1_SRF05_Sensor_L-8
Added Pin To Net: NetName=Vm Pin=P1_SRF05_Sensor_R-1
Added Pin To Net: NetName=Vm Pin=P1_SRF05_Sensor_R-2
Added Pin To Net: NetName=ECHO Pin=P1_SRF05_Sensor_R-3
Added Pin To Net: NetName=ECHO Pin=P1_SRF05_Sensor_R-4
Added Pin To Net: NetName=G Pin=P1_SRF05_Sensor_R-7
Added Pin To Net: NetName=G Pin=P1_SRF05_Sensor_R-8
Added Pin To Net: NetName=G Pin=POWER3_Motor Power_BL-1
Added Pin To Net: NetName=G Pin=POWER3_Motor Power_BL-2
Added Pin To Net: NetName=G Pin=POWER3_Motor Power_BL-3
Added Pin To Net: NetName=G Pin=POWER3_Motor Power_BL-4
Added Pin To Net: NetName=Vm Pin=POWER3_Motor Power_BL-5
Added Pin To Net: NetName=Vm Pin=POWER3_Motor Power_BL-6
Added Pin To Net: NetName=Vm Pin=POWER3_Motor Power_BL-7
Added Pin To Net: NetName=Vm Pin=POWER3_Motor Power_BL-8
Added Pin To Net: NetName=G Pin=POWER3_Motor Power_BR-1
Added Pin To Net: NetName=G Pin=POWER3_Motor Power_BR-2
Added Pin To Net: NetName=G Pin=POWER3_Motor Power_BR-3
Added Pin To Net: NetName=G Pin=POWER3_Motor Power_BR-4
Added Pin To Net: NetName=Vm Pin=POWER3_Motor Power_BR-5
Added Pin To Net: NetName=Vm Pin=POWER3_Motor Power_BR-6
Added Pin To Net: NetName=Vm Pin=POWER3_Motor Power_BR-7
Added Pin To Net: NetName=Vm Pin=POWER3_Motor Power_BR-8
Added Pin To Net: NetName=G Pin=U?-1
Added Pin To Net: NetName=G Pin=U?-10
Added Pin To Net: NetName=G Pin=U?-19
Added Pin To Net: NetName=Vm Pin=U?-20
Change Net Name : Old Net Name=ECHO New Net Name=TRIG_SRF05_Sensor_R
Change Net Name : Old Net Name=G New Net Name=TRIG_SRF05_Sensor_L
Change Net Name : Old Net Name=TRIG New Net Name=TRIG_SRF05_Sensor_FR
Change Net Name : Old Net Name=VCC New Net Name=TRIG_SRF05_Sensor_FL
Change Net Name : Old Net Name=Vm New Net Name=V5
Added Pin To Net: NetName=Data_1 Pin=DATA_IN?-3
Added Net: Name=Data_1
Added Pin To Net: NetName=Data_2 Pin=DATA_IN?-2
Added Net: Name=Data_2
Added Pin To Net: NetName=Dir_D Pin=U?-17
Added Net: Name=Dir_D
Added Pin To Net: NetName=D Pin=D / P?-2
Added Pin To Net: NetName=D Pin=DATA_IN?-6
Added Pin To Net: NetName=D Pin=U?-2
Added Net: Name=D
Added Pin To Net: NetName=ECHO_SRF05_Sensor_BL Pin=P1_SRF05_Sensor_BL-5
Added Pin To Net: NetName=ECHO_SRF05_Sensor_BL Pin=P1_SRF05_Sensor_BL-6
Added Net: Name=ECHO_SRF05_Sensor_BL
Added Pin To Net: NetName=ECHO_SRF05_Sensor_BR Pin=P1_SRF05_Sensor_BR-5
Added Pin To Net: NetName=ECHO_SRF05_Sensor_BR Pin=P1_SRF05_Sensor_BR-6
Added Net: Name=ECHO_SRF05_Sensor_BR
Added Pin To Net: NetName=ECHO_SRF05_Sensor_FF Pin=P1_SRF05_Sensor_FF-5
Added Pin To Net: NetName=ECHO_SRF05_Sensor_FF Pin=P1_SRF05_Sensor_FF-6
Added Net: Name=ECHO_SRF05_Sensor_FF
Added Pin To Net: NetName=ECHO_SRF05_Sensor_FL Pin=P1_SRF05_Sensor_FL-5
Added Pin To Net: NetName=ECHO_SRF05_Sensor_FL Pin=P1_SRF05_Sensor_FL-6
Added Net: Name=ECHO_SRF05_Sensor_FL
Added Pin To Net: NetName=ECHO_SRF05_Sensor_FR Pin=P1_SRF05_Sensor_FR-5
Added Pin To Net: NetName=ECHO_SRF05_Sensor_FR Pin=P1_SRF05_Sensor_FR-6
Added Net: Name=ECHO_SRF05_Sensor_FR
Added Pin To Net: NetName=ECHO_SRF05_Sensor_L Pin=P1_SRF05_Sensor_L-5
Added Pin To Net: NetName=ECHO_SRF05_Sensor_L Pin=P1_SRF05_Sensor_L-6
Added Net: Name=ECHO_SRF05_Sensor_L
Added Pin To Net: NetName=ECHO_SRF05_Sensor_R Pin=P1_SRF05_Sensor_R-5
Added Pin To Net: NetName=ECHO_SRF05_Sensor_R Pin=P1_SRF05_Sensor_R-6
Added Net: Name=ECHO_SRF05_Sensor_R
Added Pin To Net: NetName=En_A_COM Pin=U?-4
Added Net: Name=En_A_COM
Added Pin To Net: NetName=En_A_out Pin=DATA_IN?-5
Added Pin To Net: NetName=En_A_out Pin=U?-16
Added Net: Name=En_A_out
Added Pin To Net: NetName=En_B_COM Pin=U?-5
Added Net: Name=En_B_COM
Added Pin To Net: NetName=En_B_out Pin=DATA_IN?-4
Added Pin To Net: NetName=En_B_out Pin=U?-15
Added Net: Name=En_B_out
Added Pin To Net: NetName=NetD?_2 Pin=D?-C
Added Pin To Net: NetName=NetD?_2 Pin=DATA_IN?-1
Added Net: Name=NetD?_2
Added Pin To Net: NetName=P Pin=D / P?-1
Added Pin To Net: NetName=P Pin=DATA_IN?-7
Added Pin To Net: NetName=P Pin=U?-3
Added Net: Name=P
Added Pin To Net: NetName=Pwm_D Pin=U?-18
Added Net: Name=Pwm_D
Added Pin To Net: NetName=TRIG_SRF05_Sensor_BL Pin=P1_SRF05_Sensor_BL-3
Added Pin To Net: NetName=TRIG_SRF05_Sensor_BL Pin=P1_SRF05_Sensor_BL-4
Added Net: Name=TRIG_SRF05_Sensor_BL
Added Pin To Net: NetName=TRIG_SRF05_Sensor_BR Pin=P1_SRF05_Sensor_BR-3
Added Pin To Net: NetName=TRIG_SRF05_Sensor_BR Pin=P1_SRF05_Sensor_BR-4
Added Net: Name=TRIG_SRF05_Sensor_BR
Added Pin To Net: NetName=TRIG_SRF05_Sensor_FF Pin=P1_SRF05_Sensor_FF-3
Added Pin To Net: NetName=TRIG_SRF05_Sensor_FF Pin=P1_SRF05_Sensor_FF-4
Added Net: Name=TRIG_SRF05_Sensor_FF
Change Class Name : Old Net Name=Motor Power_1 New Net Name=Motor Power_FL
Change Class Name : Old Net Name=Motor Power_2 New Net Name=Motor Power_FR
Change Class Name : Old Net Name=SRF05_Sensor New Net Name=Motor Power_BL
Added Class: Name=Motor_Data_FL
Added Class: Name=Motor Power_BR
Added Class: Name=SRF05_Sensor_BL
Added Class: Name=SRF05_Sensor_BR
Added Class: Name=SRF05_Sensor_FF
Added Class: Name=SRF05_Sensor_FL
Added Class: Name=SRF05_Sensor_FR
Added Class: Name=SRF05_Sensor_L
Added Class: Name=SRF05_Sensor_R
Added Class: Name=SRF05
Added Member To Class: ClassName=Mainbord___Schematic Member=Component D? SMCJ120CA
Added Member To Class: ClassName=Motor Power_BL Member=Component POWER3_Motor Power_BL (POWER3) 215877-1 RJ45
Change Room Name: Old Name=SRF05_Sensor New Name=SRF05_Sensor_FL
Change Room Scope: Old Scope=InComponentClass('SRF05_Sensor') New Scope=InComponentClass('SRF05_Sensor_FL')
Added Room: Name=Motor_Data_FL
Added Room: Name=Motor Power_BL
Added Room: Name=Motor Power_BR
Added Room: Name=Motor Power_FL
Added Room: Name=Motor Power_FR
Added Room: Name=SRF05_Sensor_BL
Added Room: Name=SRF05_Sensor_BR
Added Room: Name=SRF05_Sensor_FF
Added Room: Name=SRF05_Sensor_FR
Added Room: Name=SRF05_Sensor_L
Added Room: Name=SRF05_Sensor_R
